{"level":"info","message":"updateMappingHomogeneousStatus","meta":{"email":"abc","module":"Mapping","parameter":"33, 0"},"timestamp":"2022-07-23T07:51:45.711Z"}
{"level":"info","message":"Server started at port 8080","timestamp":"2022-07-23T07:51:45.794Z"}
{"level":"info","message":"Database connected successfully","timestamp":"2022-07-23T07:51:47.355Z"}
{"level":"info","message":"updateMappingHomogeneousStatus","meta":{"execution_time":3555,"module":"Mapping"},"timestamp":"2022-07-23T07:51:49.268Z"}
{"level":"error","message":"updateMappingHomogeneousStatus","meta":{"email":"abc","error_message":"update is not defined","module":"Mapping","parameter":"33, 0"},"timestamp":"2022-07-23T07:51:49.270Z"}
{"level":"info","message":"updateMappingHomogeneousStatus","meta":{"email":"abc","module":"Mapping","parameter":"33, 0"},"timestamp":"2022-07-23T07:52:04.485Z"}
{"level":"info","message":"Server started at port 8080","timestamp":"2022-07-23T07:52:04.565Z"}
{"level":"info","message":"Database connected successfully","timestamp":"2022-07-23T07:52:05.961Z"}
{"level":"info","message":"updateMappingHomogeneousStatus","meta":{"execution_time":3327,"module":"Mapping"},"timestamp":"2022-07-23T07:52:07.816Z"}
{"level":"info","message":"updateMappingHomogeneousStatus","meta":{"email":"abc","module":"Mapping","parameter":"33, 0"},"timestamp":"2022-07-23T07:54:31.114Z"}
{"level":"info","message":"Server started at port 8080","timestamp":"2022-07-23T07:54:31.225Z"}
{"level":"info","message":"Database connected successfully","timestamp":"2022-07-23T07:54:32.666Z"}
{"level":"info","message":"updateMappingHomogeneousStatus","meta":{"execution_time":3442,"module":"Mapping"},"timestamp":"2022-07-23T07:54:34.559Z"}
{"level":"info","message":"updateMappingHomogeneousStatus","meta":{"email":"abc","module":"Mapping","parameter":"33, 0"},"timestamp":"2022-07-23T07:54:45.616Z"}
{"level":"info","message":"Server started at port 8080","timestamp":"2022-07-23T07:54:45.708Z"}
{"level":"info","message":"Database connected successfully","timestamp":"2022-07-23T07:54:47.139Z"}
{"level":"info","message":"updateMappingHomogeneousStatus","meta":{"execution_time":3453,"module":"Mapping"},"timestamp":"2022-07-23T07:54:49.073Z"}
{"level":"info","message":"updateMappingHomogeneousStatus","meta":{"email":"abc","module":"Mapping","parameter":"33, 0"},"timestamp":"2022-07-23T07:56:44.129Z"}
{"level":"info","message":"Server started at port 8080","timestamp":"2022-07-23T07:56:44.208Z"}
{"level":"info","message":"updateMappingHomogeneousStatus","meta":{"email":"abc","module":"Mapping","parameter":"33, 0"},"timestamp":"2022-07-23T08:04:13.113Z"}
{"level":"info","message":"Server started at port 8080","timestamp":"2022-07-23T08:04:13.202Z"}
{"level":"info","message":"Database connected successfully","timestamp":"2022-07-23T08:04:14.732Z"}
{"level":"info","message":"updateMappingHomogeneousStatus","meta":{"execution_time":4392,"module":"Mapping"},"timestamp":"2022-07-23T08:04:17.509Z"}
{"level":"info","message":"updateMappingHomogeneousStatus","meta":{"email":"abc","module":"Mapping","parameter":"33, 0"},"timestamp":"2022-07-23T08:05:33.223Z"}
{"level":"info","message":"Server started at port 8080","timestamp":"2022-07-23T08:05:33.293Z"}
{"level":"info","message":"Database connected successfully","timestamp":"2022-07-23T08:05:34.695Z"}
{"level":"info","message":"updateMappingHomogeneousStatus","meta":{"execution_time":4239,"module":"Mapping"},"timestamp":"2022-07-23T08:05:37.465Z"}
{"level":"info","message":"updateMappingHomogeneousStatus","meta":{"email":"abc","module":"Mapping","parameter":"33, 0"},"timestamp":"2022-07-23T08:05:50.158Z"}
{"level":"info","message":"Server started at port 8080","timestamp":"2022-07-23T08:05:50.216Z"}
{"level":"info","message":"Database connected successfully","timestamp":"2022-07-23T08:05:51.698Z"}
{"level":"info","message":"updateMappingHomogeneousStatus","meta":{"execution_time":4301,"module":"Mapping"},"timestamp":"2022-07-23T08:05:54.462Z"}
{"level":"info","message":"updateMappingHomogeneousStatus","meta":{"email":"abc","module":"Mapping","parameter":"33, 0"},"timestamp":"2022-07-23T08:06:46.759Z"}
{"level":"info","message":"Server started at port 8080","timestamp":"2022-07-23T08:06:46.822Z"}
{"level":"info","message":"Database connected successfully","timestamp":"2022-07-23T08:06:48.249Z"}
{"level":"info","message":"updateMappingHomogeneousStatus","meta":{"execution_time":4700,"module":"Mapping"},"timestamp":"2022-07-23T08:06:51.464Z"}
{"level":"info","message":"Server started at port 8080","timestamp":"2022-07-23T08:07:48.795Z"}
{"level":"info","message":"Database connected successfully","timestamp":"2022-07-23T08:07:50.239Z"}
{"level":"info","message":"Server started at port 8080","timestamp":"2022-07-23T08:09:33.136Z"}
{"level":"info","message":"Database connected successfully","timestamp":"2022-07-23T08:09:34.546Z"}
{"level":"info","message":"Server started at port 8080","timestamp":"2022-07-23T08:25:37.571Z"}
{"level":"info","message":"Database connected successfully","timestamp":"2022-07-23T08:25:39.020Z"}
{"level":"info","message":"Server started at port 8080","timestamp":"2022-07-23T08:32:12.445Z"}
{"level":"info","message":"Database connected successfully","timestamp":"2022-07-23T08:32:13.912Z"}
{"level":"info","message":"Incoming request","meta":{"IP":[],"method":"POST","url":"/api/file/container/"},"timestamp":"2022-07-23T08:32:54.297Z"}
{"level":"info","message":"validateToken","meta":{"email":"Sajith.K@unilever.com","module":"Token","parameter":""},"timestamp":"2022-07-23T08:32:54.302Z"}
{"level":"info","message":"validateToken","meta":{"execution_time":0,"module":"Token"},"timestamp":"2022-07-23T08:32:54.303Z"}
{"level":"info","message":"createContainer","meta":{"email":"Sajith.K@unilever.com","module":"File","parameter":""},"timestamp":"2022-07-23T08:32:54.306Z"}
{"level":"info","message":"createContainer","meta":{"email":"","module":"FileHelper","parameter":""},"timestamp":"2022-07-23T08:32:54.309Z"}
{"level":"info","message":"createContainer","meta":{"execution_time":1235,"module":"FileHelper"},"timestamp":"2022-07-23T08:32:55.544Z"}
{"level":"info","message":"createContainer","meta":{"execution_time":1238,"module":"File"},"timestamp":"2022-07-23T08:32:55.545Z"}
{"level":"info","message":"validateToken","meta":{"email":"rahul","module":"Token","parameter":""},"timestamp":"2022-07-26T17:13:39.256Z"}
{"level":"info","message":"validateToken","meta":{"execution_time":0,"module":"Token"},"timestamp":"2022-07-26T17:13:39.258Z"}
{"level":"info","message":"Server started at port 8080","timestamp":"2022-07-26T17:13:39.330Z"}
{"level":"info","message":"controlUpdateDropdown","meta":{"email":"rahul","module":"Utility","parameter":""},"timestamp":"2022-07-26T17:13:39.331Z"}
{"level":"info","message":"Database connected successfully","timestamp":"2022-07-26T17:13:40.834Z"}
{"level":"info","message":"controlUpdateDropdown","meta":{"execution_time":4180,"module":"Utility"},"timestamp":"2022-07-26T17:13:43.512Z"}
{"level":"info","message":"validateToken","meta":{"email":"rahul","module":"Token","parameter":""},"timestamp":"2022-07-26T17:15:02.623Z"}
{"level":"info","message":"validateToken","meta":{"execution_time":0,"module":"Token"},"timestamp":"2022-07-26T17:15:02.625Z"}
{"level":"info","message":"Server started at port 8080","timestamp":"2022-07-26T17:15:02.657Z"}
{"level":"info","message":"controlUpdateDropdown","meta":{"email":"rahul","module":"Utility","parameter":""},"timestamp":"2022-07-26T17:15:02.662Z"}
{"level":"info","message":"Database connected successfully","timestamp":"2022-07-26T17:15:04.193Z"}
{"level":"info","message":"controlUpdateDropdown","meta":{"execution_time":3897,"module":"Utility"},"timestamp":"2022-07-26T17:15:06.560Z"}
{"level":"info","message":"validateToken","meta":{"email":"rahul","module":"Token","parameter":""},"timestamp":"2022-07-26T17:15:28.524Z"}
{"level":"info","message":"validateToken","meta":{"execution_time":0,"module":"Token"},"timestamp":"2022-07-26T17:15:28.526Z"}
{"level":"info","message":"Server started at port 8080","timestamp":"2022-07-26T17:15:28.571Z"}
{"level":"info","message":"controlUpdateDropdown","meta":{"email":"rahul","module":"Utility","parameter":""},"timestamp":"2022-07-26T17:15:28.572Z"}
{"level":"info","message":"Database connected successfully","timestamp":"2022-07-26T17:15:30.048Z"}
{"level":"info","message":"controlUpdateDropdown","meta":{"execution_time":3902,"module":"Utility"},"timestamp":"2022-07-26T17:15:32.475Z"}
{"level":"info","message":"validateToken","meta":{"email":"rahul","module":"Token","parameter":""},"timestamp":"2022-07-26T17:19:12.511Z"}
{"level":"info","message":"validateToken","meta":{"execution_time":0,"module":"Token"},"timestamp":"2022-07-26T17:19:12.513Z"}
{"level":"info","message":"Server started at port 8080","timestamp":"2022-07-26T17:19:12.546Z"}
{"level":"info","message":"countryUpdateDropdown","meta":{"email":"rahul","module":"Utility","parameter":""},"timestamp":"2022-07-26T17:19:12.547Z"}
{"level":"info","message":"Database connected successfully","timestamp":"2022-07-26T17:19:14.080Z"}
{"level":"info","message":"countryUpdateDropdown","meta":{"execution_time":4155,"module":"Utility"},"timestamp":"2022-07-26T17:19:16.705Z"}
{"level":"info","message":"validateToken","meta":{"email":"rahul","module":"Token","parameter":""},"timestamp":"2022-07-26T17:26:10.014Z"}
{"level":"info","message":"validateToken","meta":{"execution_time":0,"module":"Token"},"timestamp":"2022-07-26T17:26:10.016Z"}
{"level":"info","message":"Server started at port 8080","timestamp":"2022-07-26T17:26:10.059Z"}
{"level":"info","message":"questionUpdateDropdown","meta":{"email":"rahul","module":"Utility","parameter":""},"timestamp":"2022-07-26T17:26:10.064Z"}
{"level":"info","message":"Database connected successfully","timestamp":"2022-07-26T17:26:11.570Z"}
{"level":"info","message":"questionUpdateDropdown","meta":{"execution_time":3937,"module":"Utility"},"timestamp":"2022-07-26T17:26:14.003Z"}
{"level":"info","message":"validateToken","meta":{"email":"rahul","module":"Token","parameter":""},"timestamp":"2022-07-26T17:42:57.674Z"}
{"level":"info","message":"validateToken","meta":{"execution_time":0,"module":"Token"},"timestamp":"2022-07-26T17:42:57.677Z"}
{"level":"info","message":"Server started at port 8080","timestamp":"2022-07-26T17:42:57.717Z"}
{"level":"info","message":"ownerUpdateDropdown","meta":{"email":"rahul","module":"Utility","parameter":""},"timestamp":"2022-07-26T17:42:57.718Z"}
{"level":"info","message":"Database connected successfully","timestamp":"2022-07-26T17:42:59.225Z"}
{"level":"error","message":"ownerUpdateDropdown","meta":{"email":"rahul","error_message":"id_theme is not defined","module":"Utility","parameter":""},"timestamp":"2022-07-26T17:43:01.654Z"}
{"level":"info","message":"validateToken","meta":{"email":"rahul","module":"Token","parameter":""},"timestamp":"2022-07-26T17:43:20.149Z"}
{"level":"info","message":"validateToken","meta":{"execution_time":0,"module":"Token"},"timestamp":"2022-07-26T17:43:20.151Z"}
{"level":"info","message":"Server started at port 8080","timestamp":"2022-07-26T17:43:20.180Z"}
{"level":"info","message":"ownerUpdateDropdown","meta":{"email":"rahul","module":"Utility","parameter":""},"timestamp":"2022-07-26T17:43:20.181Z"}
{"level":"info","message":"Database connected successfully","timestamp":"2022-07-26T17:43:21.659Z"}
{"level":"info","message":"ownerUpdateDropdown","meta":{"execution_time":3909,"module":"Utility"},"timestamp":"2022-07-26T17:43:24.092Z"}
{"level":"info","message":"validateToken","meta":{"email":"rahul","module":"Token","parameter":""},"timestamp":"2022-07-26T17:48:08.804Z"}
{"level":"info","message":"validateToken","meta":{"execution_time":0,"module":"Token"},"timestamp":"2022-07-26T17:48:08.806Z"}
{"level":"info","message":"Server started at port 8080","timestamp":"2022-07-26T17:48:08.846Z"}
{"level":"info","message":"reviewerUpdateDropdown","meta":{"email":"rahul","module":"Utility","parameter":""},"timestamp":"2022-07-26T17:48:08.847Z"}
{"level":"info","message":"reviewerUpdateDropdown","meta":{"execution_time":0,"module":"Utility"},"timestamp":"2022-07-26T17:48:08.848Z"}
{"level":"info","message":"Database connected successfully","timestamp":"2022-07-26T17:48:10.337Z"}
{"level":"info","message":"Server started at port 8080","timestamp":"2022-07-26T17:53:00.127Z"}
{"level":"info","message":"Database connected successfully","timestamp":"2022-07-26T17:53:01.582Z"}
